<?xml version="1.0" encoding="UTF-8"?>
<!-- Generated by org.testng.reporters.JUnitReportReporter -->
<testsuite skipped="0" hostname="shamss-MacBook-Pro.local" name="signInPageObjectTest.ByInputFromXlsTest" tests="1" failures="0" timestamp="07 Oct 2018 14:55:32 GMT" time="12.892" errors="0">
  <testcase name="signInWithInvalidIdAndPassword" time="12.892" classname="signInPageObjectTest.ByInputFromXlsTest"/>
</testsuite> <!-- signInPageObjectTest.ByInputFromXlsTest -->
