<?xml version="1.0" encoding="UTF-8"?>
<!-- Generated by org.testng.reporters.JUnitReportReporter -->
<testsuite hostname="Mds-MacBook-Pro.local" failures="0" tests="2" name="search.InputSearch" time="15.693" errors="0" timestamp="18 Sep 2018 21:09:47 GMT" skipped="0">
  <testcase classname="search.InputSearch" name="click2" time="8.045"/>
  <testcase classname="search.InputSearch" name="click" time="7.648"/>
</testsuite> <!-- search.InputSearch -->
